<?xml version="1.0" encoding="UTF-8"?>
<testsuite xmlns:xsi="http://www.w3.org/2001/XMLSchema-instance" xsi:noNamespaceSchemaLocation="https://maven.apache.org/surefire/maven-surefire-plugin/xsd/surefire-test-report.xsd" version="3.0.2" name="com.example.demo.ApacheCamelApplicationTests" time="3.096" tests="1" errors="0" skipped="0" failures="0">
  <properties>
[...]
</properties>
  <testcase name="contextLoads" classname="com.example.demo.ApacheCamelApplicationTests" time="0.397">
    <system-out><![CDATA[22:15:43.875 [main] INFO org.springframework.test.context.support.AnnotationConfigContextLoaderUtils -- Could not detect default configuration classes for test class [com.example.demo.ApacheCamelApplicationTests]: ApacheCamelApplicationTests does not declare any static, non-private, non-final, nested classes annotated with @Configuration.
22:15:43.961 [main] INFO org.springframework.boot.test.context.SpringBootTestContextBootstrapper -- Found @SpringBootConfiguration com.example.demo.ApacheCamelApplication for test class com.example.demo.ApacheCamelApplicationTests

  .   ____          _            __ _ _
 /\\ / ___'_ __ _ _(_)_ __  __ _ \ \ \ \
( ( )\___ | '_ | '_| | '_ \/ _` | \ \ \ \
 \\/  ___)| |_)| | | | | || (_| |  ) ) ) )
  '  |____| .__|_| |_|_| |_\__, | / / / /
 =========|_|==============|___/=/_/_/_/

 :: Spring Boot ::               (v3.5.11)

2026-05-08T22:15:44.313-03:00  INFO 1932 --- [Apache camel] [           main] c.e.demo.ApacheCamelApplicationTests     : Starting ApacheCamelApplicationTests using Java 21.0.10 with PID 1932 (started by pedro in C:\Users\pedro\IdeaProjects\Apache_camel\demo)
2026-05-08T22:15:44.314-03:00  INFO 1932 --- [Apache camel] [           main] c.e.demo.ApacheCamelApplicationTests     : No active profile set, falling back to 1 default profile: "default"
2026-05-08T22:15:46.424-03:00  INFO 1932 --- [Apache camel] [           main] o.a.camel.language.xpath.XPathBuilder    : Created default XPathFactory com.sun.org.apache.xpath.internal.jaxp.XPathFactoryImpl@5c1c9881
2026-05-08T22:15:46.469-03:00  INFO 1932 --- [Apache camel] [           main] o.a.c.impl.engine.AbstractCamelContext   : Apache Camel 4.18.0 (camel-1) is starting
2026-05-08T22:15:46.484-03:00  INFO 1932 --- [Apache camel] [           main] o.a.c.impl.engine.AbstractCamelContext   : Routes startup (total:1)
2026-05-08T22:15:46.484-03:00  INFO 1932 --- [Apache camel] [           main] o.a.c.impl.engine.AbstractCamelContext   :     Started integracao-arquivo (file://C:/Users/pedro/Downloads/entrada%20apache%20camel)
2026-05-08T22:15:46.484-03:00  INFO 1932 --- [Apache camel] [           main] o.a.c.impl.engine.AbstractCamelContext   : Apache Camel 4.18.0 (camel-1) started in 15ms (build:0ms init:0ms start:15ms boot:1s278ms)
2026-05-08T22:15:46.486-03:00  INFO 1932 --- [Apache camel] [           main] c.e.demo.ApacheCamelApplicationTests     : Started ApacheCamelApplicationTests in 2.393 seconds (process running for 3.117)
]]></system-out>
    <system-err><![CDATA[Mockito is currently self-attaching to enable the inline-mock-maker. This will no longer work in future releases of the JDK. Please add Mockito as an agent to your build as described in Mockito's documentation: https://javadoc.io/doc/org.mockito/mockito-core/latest/org.mockito/org/mockito/Mockito.html#0.3
WARNING: A Java agent has been loaded dynamically (C:\Users\pedro\.m2\repository\net\bytebuddy\byte-buddy-agent\1.17.8\byte-buddy-agent-1.17.8.jar)
WARNING: If a serviceability tool is in use, please run with -XX:+EnableDynamicAgentLoading to hide this warning
WARNING: If a serviceability tool is not in use, please run with -Djdk.instrument.traceUsage for more information
WARNING: Dynamic loading of agents will be disallowed by default in a future release
]]></system-err>
  </testcase>
</testsuite>